\BOOKMARK [1][-]{Doc-Start}{\376\377\000S\000a\000m\000m\000e\000n\000d\000r\000a\000g}{}% 1
\BOOKMARK [1][-]{section*.2}{\376\377\000I\000n\000n\000h\000o\000l\000d}{}% 2
\BOOKMARK [1][-]{section.1}{\376\377\000I\000n\000n\000l\000e\000d\000n\000i\000n\000g}{}% 3
\BOOKMARK [2][-]{subsection.1.1}{\376\377\000F\000i\000g\000u\000r\000e\000r}{section.1}% 4
\BOOKMARK [2][-]{subsection.1.2}{\376\377\000T\000a\000b\000e\000l\000l\000e\000r}{section.1}% 5
\BOOKMARK [1][-]{section.2}{\376\377\000T\000e\000o\000r\000i}{}% 6
\BOOKMARK [2][-]{subsection.2.1}{\376\377\000T\000e\000o\000r\000i\000\040\000d\000e\000l\000\040\0001\000.}{section.2}% 7
\BOOKMARK [2][-]{subsection.2.2}{\376\377\000T\000e\000o\000r\000i\000\040\000d\000e\000l\000\040\0002\000.}{section.2}% 8
\BOOKMARK [1][-]{section.3}{\376\377\000G\000j\000e\000n\000n\000o\000m\000f\000\370\000r\000i\000n\000g}{}% 9
\BOOKMARK [2][-]{subsection.3.1}{\376\377\000R\000C\000-\000K\000r\000e\000t\000s}{section.3}% 10
\BOOKMARK [3][-]{subsubsection.3.1.1}{\376\377\000L\000o\000d\000d\000i\000n\000g}{subsection.3.1}% 11
\BOOKMARK [3][-]{subsubsection.3.1.2}{\376\377\000S\000i\000g\000n\000a\000l\000g\000e\000n\000e\000r\000a\000t\000o\000r}{subsection.3.1}% 12
\BOOKMARK [3][-]{subsubsection.3.1.3}{\376\377\000M\000\345\000l\000i\000n\000g}{subsection.3.1}% 13
\BOOKMARK [2][-]{subsection.3.2}{\376\377\000C\000M\000O\000S\000\040\000l\000o\000g\000i\000k\000k}{section.3}% 14
\BOOKMARK [3][-]{subsubsection.3.2.1}{\376\377\000L\000o\000d\000d\000i\000n\000g}{subsection.3.2}% 15
\BOOKMARK [3][-]{subsubsection.3.2.2}{\376\377\000M\000\345\000l\000i\000n\000g}{subsection.3.2}% 16
\BOOKMARK [2][-]{subsection.3.3}{\376\377\000t\000i\000k\000z}{section.3}% 17
\BOOKMARK [1][-]{section.4}{\376\377\000R\000e\000s\000u\000l\000t\000a\000t\000e\000r}{}% 18
\BOOKMARK [2][-]{subsection.4.1}{\376\377\000M\000a\000t\000t\000e\000\040\000i\000\040\000L\000a\000t\000e\000X}{section.4}% 19
\BOOKMARK [1][-]{section.5}{\376\377\000D\000i\000s\000k\000u\000s\000j\000o\000n}{}% 20
\BOOKMARK [1][-]{section.6}{\376\377\000K\000o\000n\000k\000l\000u\000s\000j\000o\000n}{}% 21
\BOOKMARK [1][-]{section*.13}{\376\377\000R\000e\000f\000e\000r\000a\000n\000s\000e\000r}{}% 22
